This file contains any messages produced by compilers while
running configure, to aid debugging if configure makes a mistake.

It was created by homme-blas configure 2.0, which was
generated by GNU Autoconf 2.64.  Invocation command line was

  $ ./configure F77=mpif90 --no-create --no-recursion

## --------- ##
## Platform. ##
## --------- ##

hostname = redsky-login4
uname -m = x86_64
uname -r = 2.6.18-93.2redsky_chaos
uname -s = Linux
uname -v = #1 SMP Tue Nov 2 16:56:13 MDT 2010

/usr/bin/uname -p = unknown
/bin/uname -X     = unknown

/bin/arch              = x86_64
/usr/bin/arch -k       = unknown
/usr/convex/getsysinfo = unknown
/usr/bin/hostinfo      = unknown
/bin/machine           = unknown
/usr/bin/oslevel       = unknown
/bin/universe          = unknown

PATH: /apps/slurm/wrapper
PATH: /home/mataylo/contrib/bin
PATH: /ascldap/users/mataylo/bin
PATH: /apps/slurm/wrapper
PATH: /usr/lib64/qt-3.3/bin
PATH: /apps/x86_64/tools/hpss/3.5.3
PATH: /apps/x86_64/tools/hpss/rel-2.0.6/bin
PATH: /apps/x86_64/tools/hpss/rel-2.0.6/pftp2_scripts
PATH: /apps/x86_64/mpi/openmpi/intel-11.1-f064-c064/openmpi-1.4.2_oobpr/bin
PATH: /projects/global/x86_64/compilers/intel/intel-11.1-cproc-064/bin/intel64
PATH: /projects/global/x86_64/compilers/intel/intel-11.1-cprof-064/bin/intel64
PATH: /usr/kerberos/bin
PATH: /usr/lib64/ccache
PATH: /usr/local/bin
PATH: /bin
PATH: /usr/bin
PATH: /usr/X11R6/bin
PATH: /admin/contrib
PATH: /admin/redsky-tools/bin
PATH: /sbin
PATH: /usr/sbin
PATH: /admin/contrib
PATH: /admin/redsky-tools/bin


## ----------- ##
## Core tests. ##
## ----------- ##

configure:1764: checking for a BSD-compatible install
configure:1832: result: /usr/bin/install -c
configure:1843: checking whether build environment is sane
configure:1893: result: yes
configure:2034: checking for a thread-safe mkdir -p
configure:2073: result: /bin/mkdir -p
configure:2086: checking for gawk
configure:2102: found /bin/gawk
configure:2113: result: gawk
configure:2124: checking whether make sets $(MAKE)
configure:2146: result: yes
configure:2271: checking for ranlib
configure:2287: found /usr/bin/ranlib
configure:2298: result: ranlib
configure:2426: checking for Fortran 77 compiler version
configure:2435: mpif90 --version >&5
ifort (IFORT) 11.1 20091130
Copyright (C) 1985-2009 Intel Corporation.  All rights reserved.

configure:2446: $? = 0
configure:2435: mpif90 -v >&5
Version 11.1 
configure:2446: $? = 0
configure:2435: mpif90 -V >&5
Intel(R) Fortran Intel(R) 64 Compiler Professional for applications running on Intel(R) 64, Version 11.1    Build 20091130 Package ID: l_cprof_p_11.1.064
Copyright (C) 1985-2009 Intel Corporation.  All rights reserved.

configure:2446: $? = 0
configure:2435: mpif90 -qversion >&5
ifort: command line warning #10006: ignoring unknown option '-qversion'
ifort: command line error: no files specified; for help type "ifort -help"
configure:2446: $? = 1
configure:2463: checking for Fortran 77 compiler default output file name
configure:2485: mpif90   conftest.f  >&5
configure:2489: $? = 0
configure:2526: result: a.out
configure:2542: checking whether the Fortran 77 compiler works
configure:2551: ./a.out
configure:2555: $? = 0
configure:2570: result: yes
configure:2577: checking whether we are cross compiling
configure:2579: result: no
configure:2582: checking for suffix of executables
configure:2589: mpif90 -o conftest   conftest.f  >&5
configure:2593: $? = 0
configure:2615: result: 
configure:2621: checking for suffix of object files
configure:2637: mpif90 -c  conftest.f >&5
configure:2641: $? = 0
configure:2662: result: o
configure:2670: checking whether we are using the GNU Fortran 77 compiler
configure:2683: mpif90 -c  conftest.F >&5
conftest.F(3): error #5082: Syntax error, found END-OF-STATEMENT when expecting one of: ( % : . = =>
       choke me
---------------^
conftest.F(3): error #6218: This statement is positioned incorrectly and/or has syntax errors.
       choke me
---------------^
compilation aborted for conftest.F (code 1)
configure:2683: $? = 1
configure: failed program was:
|       program main
| #ifndef __GNUC__
|        choke me
| #endif
| 
|       end
configure:2692: result: no
configure:2698: checking whether mpif90 accepts -g
configure:2709: mpif90 -c -g conftest.f >&5
configure:2709: $? = 0
configure:2717: result: yes
configure:2903: creating ./config.status

## ---------------- ##
## Cache variables. ##
## ---------------- ##

ac_cv_env_F77_set=set
ac_cv_env_F77_value=mpif90
ac_cv_env_FFLAGS_set=
ac_cv_env_FFLAGS_value=
ac_cv_env_LDFLAGS_set=
ac_cv_env_LDFLAGS_value=
ac_cv_env_LIBS_set=
ac_cv_env_LIBS_value=
ac_cv_env_build_alias_set=
ac_cv_env_build_alias_value=
ac_cv_env_host_alias_set=
ac_cv_env_host_alias_value=
ac_cv_env_target_alias_set=
ac_cv_env_target_alias_value=
ac_cv_f77_compiler_gnu=no
ac_cv_objext=o
ac_cv_path_install='/usr/bin/install -c'
ac_cv_path_mkdir=/bin/mkdir
ac_cv_prog_AWK=gawk
ac_cv_prog_ac_ct_RANLIB=ranlib
ac_cv_prog_f77_g=yes
ac_cv_prog_make_make_set=yes

## ----------------- ##
## Output variables. ##
## ----------------- ##

ACLOCAL='${SHELL} /ascldap/users/mataylo/codes/homme/helpers/missing --run aclocal-1.11'
AMTAR='${SHELL} /ascldap/users/mataylo/codes/homme/helpers/missing --run tar'
AUTOCONF='${SHELL} /ascldap/users/mataylo/codes/homme/helpers/missing --run autoconf'
AUTOHEADER='${SHELL} /ascldap/users/mataylo/codes/homme/helpers/missing --run autoheader'
AUTOMAKE='${SHELL} /ascldap/users/mataylo/codes/homme/helpers/missing --run automake-1.11'
AWK='gawk'
CYGPATH_W='echo'
DEFS='-DPACKAGE_NAME=\"homme-blas\" -DPACKAGE_TARNAME=\"homme-blas\" -DPACKAGE_VERSION=\"2.0\" -DPACKAGE_STRING=\"homme-blas\ 2.0\" -DPACKAGE_BUGREPORT=\"jgarcia@ucar.edu\" -DPACKAGE_URL=\"\" -DPACKAGE=\"homme-blas\" -DVERSION=\"2.0\"'
ECHO_C=''
ECHO_N='-n'
ECHO_T=''
EXEEXT=''
F77='mpif90'
FFLAGS='-g'
INSTALL_DATA='${INSTALL} -m 644'
INSTALL_PROGRAM='${INSTALL}'
INSTALL_SCRIPT='${INSTALL}'
INSTALL_STRIP_PROGRAM='$(install_sh) -c -s'
LDFLAGS=''
LIBOBJS=''
LIBS=''
LTLIBOBJS=''
MAKEINFO='${SHELL} /ascldap/users/mataylo/codes/homme/helpers/missing --run makeinfo'
MKDIR_P='/bin/mkdir -p'
OBJEXT='o'
PACKAGE='homme-blas'
PACKAGE_BUGREPORT='jgarcia@ucar.edu'
PACKAGE_NAME='homme-blas'
PACKAGE_STRING='homme-blas 2.0'
PACKAGE_TARNAME='homme-blas'
PACKAGE_URL=''
PACKAGE_VERSION='2.0'
PATH_SEPARATOR=':'
RANLIB='ranlib'
SET_MAKE=''
SHELL='/bin/sh'
STRIP=''
VERSION='2.0'
ac_ct_F77=''
am__EXEEXT_FALSE=''
am__EXEEXT_TRUE='#'
am__isrc=''
am__leading_dot='.'
am__tar='${AMTAR} chof - "$$tardir"'
am__untar='${AMTAR} xf -'
bindir='${exec_prefix}/bin'
build_alias=''
datadir='${datarootdir}'
datarootdir='${prefix}/share'
docdir='${datarootdir}/doc/${PACKAGE_TARNAME}'
dvidir='${docdir}'
exec_prefix='${prefix}'
host_alias=''
htmldir='${docdir}'
includedir='${prefix}/include'
infodir='${datarootdir}/info'
install_sh='${SHELL} /ascldap/users/mataylo/codes/homme/helpers/install-sh'
libdir='${exec_prefix}/lib'
libexecdir='${exec_prefix}/libexec'
localedir='${datarootdir}/locale'
localstatedir='${prefix}/var'
mandir='${datarootdir}/man'
mkdir_p='/bin/mkdir -p'
oldincludedir='/usr/include'
pdfdir='${docdir}'
prefix='/usr/local'
program_transform_name='s,x,x,'
psdir='${docdir}'
sbindir='${exec_prefix}/sbin'
sharedstatedir='${prefix}/com'
sysconfdir='${prefix}/etc'
target_alias=''

## ----------- ##
## confdefs.h. ##
## ----------- ##

/* confdefs.h */
#define PACKAGE_NAME "homme-blas"
#define PACKAGE_TARNAME "homme-blas"
#define PACKAGE_VERSION "2.0"
#define PACKAGE_STRING "homme-blas 2.0"
#define PACKAGE_BUGREPORT "jgarcia@ucar.edu"
#define PACKAGE_URL ""
#define PACKAGE "homme-blas"
#define VERSION "2.0"

configure: exit 0

## ---------------------- ##
## Running config.status. ##
## ---------------------- ##

This file was extended by homme-blas config.status 2.0, which was
generated by GNU Autoconf 2.64.  Invocation command line was

  CONFIG_FILES    = 
  CONFIG_HEADERS  = 
  CONFIG_LINKS    = 
  CONFIG_COMMANDS = 
  $ ./config.status 

on redsky-login4

config.status:746: creating Makefile
